<?xml version="1.0" encoding="UTF-8"?>
<!-- Generated by org.testng.reporters.JUnitReportReporter -->
<testsuite skipped="0" hostname="DESKTOP-3GNVT0U" name="com.qa.testcases.VendorCreation" tests="3" failures="0" timestamp="09 Apr 2021 12:37:02 GMT" time="381.040" errors="0">
  <testcase name="vendor_validations" time="282.648" classname="com.qa.testcases.VendorCreation"/>
  <testcase name="update_primary_bank" time="53.427" classname="com.qa.testcases.VendorCreation"/>
  <testcase name="update_primary_contact" time="44.965" classname="com.qa.testcases.VendorCreation"/>
</testsuite> <!-- com.qa.testcases.VendorCreation -->
